18:25:51.378 [main] INFO  testCases.TC_001_AccountRegistrationTest - *** Starting account registration test ***
18:25:52.259 [main] INFO  testCases.TC_001_AccountRegistrationTest - Clicked on register link
18:25:52.574 [main] INFO  testCases.TC_001_AccountRegistrationTest - Providing customer details
18:25:55.899 [main] INFO  testCases.TC_001_AccountRegistrationTest - Clicked on continue
18:28:54.192 [main] INFO  testCases.TC_001_AccountRegistrationTest - *** Starting account registration test ***
18:28:55.049 [main] INFO  testCases.TC_001_AccountRegistrationTest - Clicked on register link
18:28:55.344 [main] INFO  testCases.TC_001_AccountRegistrationTest - Providing customer details
18:28:58.620 [main] INFO  testCases.TC_001_AccountRegistrationTest - Clicked on continue
18:33:38.292 [main] INFO  testCases.TC_001_AccountRegistrationTest - *** Starting account registration test ***
18:33:39.266 [main] INFO  testCases.TC_001_AccountRegistrationTest - Clicked on register link
18:33:39.575 [main] INFO  testCases.TC_001_AccountRegistrationTest - Providing customer details
18:33:42.939 [main] INFO  testCases.TC_001_AccountRegistrationTest - Clicked on continue
18:33:57.509 [main] INFO  testCases.TC_001_AccountRegistrationTest - *** Starting account registration test ***
18:33:58.808 [main] INFO  testCases.TC_001_AccountRegistrationTest - Clicked on register link
18:33:59.261 [main] INFO  testCases.TC_001_AccountRegistrationTest - Providing customer details
18:34:03.094 [main] INFO  testCases.TC_001_AccountRegistrationTest - Clicked on continue
18:36:58.920 [main] INFO  testCases.TC_001_AccountRegistrationTest - *** Starting account registration test ***
18:36:59.892 [main] INFO  testCases.TC_001_AccountRegistrationTest - Clicked on register link
18:37:00.193 [main] INFO  testCases.TC_001_AccountRegistrationTest - Providing customer details
18:37:03.761 [main] INFO  testCases.TC_001_AccountRegistrationTest - Clicked on continue
18:37:07.303 [main] INFO  testCases.TC_001_AccountRegistrationTest - *** Starting account registration test ***
18:37:08.139 [main] INFO  testCases.TC_001_AccountRegistrationTest - Clicked on register link
18:37:08.464 [main] INFO  testCases.TC_001_AccountRegistrationTest - Providing customer details
18:37:12.099 [main] INFO  testCases.TC_001_AccountRegistrationTest - Clicked on continue
18:38:10.084 [TestNG-tests-1] INFO  testCases.TC_001_AccountRegistrationTest - *** Starting account registration test ***
18:38:10.123 [TestNG-tests-2] INFO  testCases.TC_001_AccountRegistrationTest - *** Starting account registration test ***
18:38:11.463 [TestNG-tests-1] INFO  testCases.TC_001_AccountRegistrationTest - Clicked on register link
18:38:11.597 [TestNG-tests-2] INFO  testCases.TC_001_AccountRegistrationTest - Clicked on register link
18:38:11.897 [TestNG-tests-1] INFO  testCases.TC_001_AccountRegistrationTest - Providing customer details
18:38:12.066 [TestNG-tests-2] INFO  testCases.TC_001_AccountRegistrationTest - Providing customer details
18:38:16.030 [TestNG-tests-1] INFO  testCases.TC_001_AccountRegistrationTest - Clicked on continue
18:38:16.040 [TestNG-tests-2] INFO  testCases.TC_001_AccountRegistrationTest - Clicked on continue
18:38:33.675 [TestNG-tests-1] INFO  testCases.TC_001_AccountRegistrationTest - *** Starting account registration test ***
18:38:33.676 [TestNG-tests-2] INFO  testCases.TC_001_AccountRegistrationTest - *** Starting account registration test ***
18:38:35.483 [TestNG-tests-1] INFO  testCases.TC_001_AccountRegistrationTest - Clicked on register link
18:38:35.527 [TestNG-tests-2] INFO  testCases.TC_001_AccountRegistrationTest - Clicked on register link
18:38:36.005 [TestNG-tests-1] INFO  testCases.TC_001_AccountRegistrationTest - Providing customer details
18:38:36.107 [TestNG-tests-2] INFO  testCases.TC_001_AccountRegistrationTest - Providing customer details
18:38:40.464 [TestNG-tests-2] INFO  testCases.TC_001_AccountRegistrationTest - Clicked on continue
18:38:40.628 [TestNG-tests-1] INFO  testCases.TC_001_AccountRegistrationTest - Clicked on continue
18:39:16.475 [TestNG-tests-2] INFO  testCases.TC_001_AccountRegistrationTest - *** Starting account registration test ***
18:39:16.936 [TestNG-tests-1] INFO  testCases.TC_001_AccountRegistrationTest - *** Starting account registration test ***
18:39:17.884 [TestNG-tests-1] INFO  testCases.TC_001_AccountRegistrationTest - Clicked on register link
18:39:18.208 [TestNG-tests-1] INFO  testCases.TC_001_AccountRegistrationTest - Providing customer details
18:41:10.451 [TestNG-tests-2] INFO  testCases.TC_001_AccountRegistrationTest - *** Starting account registration test ***
18:41:11.360 [TestNG-tests-1] INFO  testCases.TC_001_AccountRegistrationTest - *** Starting account registration test ***
18:41:11.936 [TestNG-tests-2] INFO  testCases.TC_001_AccountRegistrationTest - Clicked on register link
18:41:12.234 [TestNG-tests-2] INFO  testCases.TC_001_AccountRegistrationTest - Providing customer details
18:41:12.962 [TestNG-tests-1] INFO  testCases.TC_001_AccountRegistrationTest - Clicked on register link
18:41:13.379 [TestNG-tests-1] INFO  testCases.TC_001_AccountRegistrationTest - Providing customer details
18:41:16.050 [TestNG-tests-2] INFO  testCases.TC_001_AccountRegistrationTest - Clicked on continue
18:41:17.146 [TestNG-tests-1] INFO  testCases.TC_001_AccountRegistrationTest - Clicked on continue
18:51:18.325 [main] INFO  testCases.TC_001_AccountRegistrationTest - *** Starting account registration test ***
18:51:19.831 [main] INFO  testCases.TC_001_AccountRegistrationTest - Clicked on register link
18:51:20.138 [main] INFO  testCases.TC_001_AccountRegistrationTest - Providing customer details
18:51:24.001 [main] INFO  testCases.TC_001_AccountRegistrationTest - Clicked on continue
18:51:37.525 [main] INFO  testCases.TC_001_AccountRegistrationTest - *** Starting account registration test ***
18:51:38.588 [main] INFO  testCases.TC_001_AccountRegistrationTest - Clicked on register link
18:51:38.863 [main] INFO  testCases.TC_001_AccountRegistrationTest - Providing customer details
18:51:42.246 [main] INFO  testCases.TC_001_AccountRegistrationTest - Clicked on continue
18:58:41.107 [main] INFO  testCases.TC_001_AccountRegistrationTest - *** Starting account registration test ***
18:58:42.094 [main] INFO  testCases.TC_001_AccountRegistrationTest - Clicked on register link
18:58:42.393 [main] INFO  testCases.TC_001_AccountRegistrationTest - Providing customer details
18:58:46.286 [main] INFO  testCases.TC_001_AccountRegistrationTest - Clicked on continue
19:01:42.133 [main] INFO  testCases.TC_001_AccountRegistrationTest - *** Starting account registration test ***
19:01:43.041 [main] INFO  testCases.TC_001_AccountRegistrationTest - Clicked on register link
19:01:43.310 [main] INFO  testCases.TC_001_AccountRegistrationTest - Providing customer details
19:01:47.188 [main] INFO  testCases.TC_001_AccountRegistrationTest - Clicked on continue
19:05:35.613 [main] INFO  testCases.TC_001_AccountRegistrationTest - *** Starting account registration test ***
19:05:36.542 [main] INFO  testCases.TC_001_AccountRegistrationTest - Clicked on register link
19:05:36.884 [main] INFO  testCases.TC_001_AccountRegistrationTest - Providing customer details
19:05:37.878 [main] INFO  testCases.TC_001_AccountRegistrationTest - Clicked on continue
19:07:15.090 [main] INFO  testCases.TC_001_AccountRegistrationTest - *** Starting account registration test ***
19:07:15.995 [main] INFO  testCases.TC_001_AccountRegistrationTest - Clicked on register link
19:07:16.273 [main] INFO  testCases.TC_001_AccountRegistrationTest - Providing customer details
19:07:17.224 [main] INFO  testCases.TC_001_AccountRegistrationTest - Clicked on continue
19:08:38.303 [main] INFO  testCases.TC_001_AccountRegistrationTest - *** Starting account registration test ***
19:08:39.243 [main] INFO  testCases.TC_001_AccountRegistrationTest - Clicked on register link
19:08:39.508 [main] INFO  testCases.TC_001_AccountRegistrationTest - Providing customer details
19:08:40.420 [main] INFO  testCases.TC_001_AccountRegistrationTest - Clicked on continue
19:10:41.325 [main] INFO  testCases.TC_001_AccountRegistrationTest - *** Starting account registration test ***
19:10:42.246 [main] INFO  testCases.TC_001_AccountRegistrationTest - Clicked on register link
19:10:42.485 [main] INFO  testCases.TC_001_AccountRegistrationTest - Providing customer details
19:10:43.497 [main] INFO  testCases.TC_001_AccountRegistrationTest - Clicked on continue
19:25:54.331 [main] INFO  testCases.TC_002_LoginTest - Starting TC_002_LoginTest
19:27:04.154 [main] INFO  testCases.TC_002_LoginTest - Starting TC_002_LoginTest
19:27:42.265 [main] INFO  testCases.TC_002_LoginTest - Starting TC_002_LoginTest
19:29:05.123 [main] INFO  testCases.TC_002_LoginTest - Starting TC_002_LoginTest
19:29:07.079 [main] INFO  testCases.TC_002_LoginTest -  Finished TC_002_LoginTest
19:29:22.321 [main] INFO  testCases.TC_002_LoginTest - Starting TC_002_LoginTest
19:29:25.036 [main] INFO  testCases.TC_002_LoginTest -  Finished TC_002_LoginTest
20:27:41.666 [main] INFO  testCases.TC_003_LoginDDT - *** Starting TC_003_LoginDDT ***
20:27:44.787 [main] INFO  testCases.TC_003_LoginDDT - *** Starting TC_003_LoginDDT ***
20:27:47.487 [main] INFO  testCases.TC_003_LoginDDT - *** Starting TC_003_LoginDDT ***
20:27:49.297 [main] INFO  testCases.TC_003_LoginDDT - *** Finished TC_003_LoginDDT ***
20:27:49.302 [main] INFO  testCases.TC_003_LoginDDT - *** Starting TC_003_LoginDDT ***
20:27:51.699 [main] INFO  testCases.TC_003_LoginDDT - *** Starting TC_003_LoginDDT ***
20:27:54.195 [main] INFO  testCases.TC_003_LoginDDT - *** Finished TC_003_LoginDDT ***
20:29:17.353 [main] INFO  testCases.TC_003_LoginDDT - *** Starting TC_003_LoginDDT ***
20:30:34.241 [main] INFO  testCases.TC_003_LoginDDT - *** Starting TC_003_LoginDDT ***
20:30:36.871 [main] INFO  testCases.TC_003_LoginDDT - *** Starting TC_003_LoginDDT ***
20:30:38.972 [main] INFO  testCases.TC_003_LoginDDT - *** Starting TC_003_LoginDDT ***
20:30:40.470 [main] INFO  testCases.TC_003_LoginDDT - *** Finished TC_003_LoginDDT ***
20:30:40.473 [main] INFO  testCases.TC_003_LoginDDT - *** Starting TC_003_LoginDDT ***
20:30:42.208 [main] INFO  testCases.TC_003_LoginDDT - *** Starting TC_003_LoginDDT ***
20:30:43.743 [main] INFO  testCases.TC_003_LoginDDT - *** Finished TC_003_LoginDDT ***
20:31:06.216 [main] INFO  testCases.TC_003_LoginDDT - *** Starting TC_003_LoginDDT ***
20:34:08.651 [main] INFO  testCases.TC_003_LoginDDT - *** Starting TC_003_LoginDDT ***
20:34:11.966 [main] INFO  testCases.TC_003_LoginDDT - *** Starting TC_003_LoginDDT ***
20:34:14.589 [main] INFO  testCases.TC_003_LoginDDT - *** Starting TC_003_LoginDDT ***
20:34:16.308 [main] INFO  testCases.TC_003_LoginDDT - *** Finished TC_003_LoginDDT ***
20:34:16.309 [main] INFO  testCases.TC_003_LoginDDT - *** Starting TC_003_LoginDDT ***
20:35:19.120 [main] INFO  testCases.TC_003_LoginDDT - *** Starting TC_003_LoginDDT ***
20:35:30.900 [main] INFO  testCases.TC_003_LoginDDT - *** Finished TC_003_LoginDDT ***
20:35:30.933 [main] INFO  testCases.TC_003_LoginDDT - *** Starting TC_003_LoginDDT ***
20:35:42.220 [main] INFO  testCases.TC_003_LoginDDT - *** Finished TC_003_LoginDDT ***
20:35:42.220 [main] INFO  testCases.TC_003_LoginDDT - *** Starting TC_003_LoginDDT ***
20:35:44.175 [main] INFO  testCases.TC_003_LoginDDT - *** Finished TC_003_LoginDDT ***
20:35:44.179 [main] INFO  testCases.TC_003_LoginDDT - *** Starting TC_003_LoginDDT ***
20:35:55.368 [main] INFO  testCases.TC_003_LoginDDT - *** Finished TC_003_LoginDDT ***
20:35:55.375 [main] INFO  testCases.TC_003_LoginDDT - *** Starting TC_003_LoginDDT ***
20:35:57.633 [main] INFO  testCases.TC_003_LoginDDT - *** Finished TC_003_LoginDDT ***
19:31:28.720 [main] INFO  testCases.TC_002_LoginTest - Starting TC_002_LoginTest
19:31:33.141 [main] INFO  testCases.TC_002_LoginTest -  Finished TC_002_LoginTest
19:32:33.778 [main] INFO  testCases.TC_001_AccountRegistrationTest - *** Starting account registration test ***
19:32:34.771 [main] INFO  testCases.TC_001_AccountRegistrationTest - Clicked on register link
19:32:35.121 [main] INFO  testCases.TC_001_AccountRegistrationTest - Providing customer details
19:32:36.076 [main] INFO  testCases.TC_001_AccountRegistrationTest - Clicked on continue
19:33:38.692 [main] INFO  testCases.TC_001_AccountRegistrationTest - *** Starting account registration test ***
19:33:39.845 [main] INFO  testCases.TC_001_AccountRegistrationTest - Clicked on register link
19:33:40.175 [main] INFO  testCases.TC_001_AccountRegistrationTest - Providing customer details
19:33:43.688 [main] INFO  testCases.TC_001_AccountRegistrationTest - Clicked on continue
19:33:46.987 [main] INFO  testCases.TC_002_LoginTest - Starting TC_002_LoginTest
19:33:48.953 [main] INFO  testCases.TC_002_LoginTest -  Finished TC_002_LoginTest
19:52:17.806 [main] INFO  testCases.TC_003_LoginDDT - *** Starting TC_003_LoginDDT ***
19:52:30.158 [main] INFO  testCases.TC_003_LoginDDT - *** Finished TC_003_LoginDDT ***
19:52:30.184 [main] INFO  testCases.TC_003_LoginDDT - *** Starting TC_003_LoginDDT ***
19:52:41.555 [main] INFO  testCases.TC_003_LoginDDT - *** Finished TC_003_LoginDDT ***
19:52:41.562 [main] INFO  testCases.TC_003_LoginDDT - *** Starting TC_003_LoginDDT ***
19:52:46.233 [main] INFO  testCases.TC_003_LoginDDT - *** Finished TC_003_LoginDDT ***
19:52:46.236 [main] INFO  testCases.TC_003_LoginDDT - *** Starting TC_003_LoginDDT ***
19:52:57.472 [main] INFO  testCases.TC_003_LoginDDT - *** Finished TC_003_LoginDDT ***
19:52:57.473 [main] INFO  testCases.TC_003_LoginDDT - *** Starting TC_003_LoginDDT ***
19:52:59.963 [main] INFO  testCases.TC_003_LoginDDT - *** Finished TC_003_LoginDDT ***
19:53:17.642 [main] INFO  testCases.TC_001_AccountRegistrationTest - *** Starting account registration test ***
19:53:19.075 [main] INFO  testCases.TC_001_AccountRegistrationTest - Clicked on register link
19:53:19.488 [main] INFO  testCases.TC_001_AccountRegistrationTest - Providing customer details
19:53:23.409 [main] INFO  testCases.TC_001_AccountRegistrationTest - Clicked on continue
19:55:43.102 [main] INFO  testCases.TC_001_AccountRegistrationTest - *** Starting account registration test ***
19:55:45.303 [main] INFO  testCases.TC_001_AccountRegistrationTest - Clicked on register link
19:55:45.808 [main] INFO  testCases.TC_001_AccountRegistrationTest - Providing customer details
19:55:49.912 [main] INFO  testCases.TC_001_AccountRegistrationTest - Clicked on continue
19:56:50.152 [main] INFO  testCases.TC_001_AccountRegistrationTest - *** Starting account registration test ***
19:56:51.002 [main] INFO  testCases.TC_001_AccountRegistrationTest - Clicked on register link
19:56:51.284 [main] INFO  testCases.TC_001_AccountRegistrationTest - Providing customer details
19:56:54.830 [main] INFO  testCases.TC_001_AccountRegistrationTest - Clicked on continue
